<?xml version="1.0" encoding="UTF-8"?>
<!-- Generated by org.testng.reporters.JUnitXMLReporter -->
<testsuite hostname="UTISLAPTOP54" ignored="0" name="Test" tests="3" failures="0" timestamp="19 May 2020 08:44:48 GMT" time="5.496" errors="0">
  <testcase name="CreateIssueTest" time="0.388" classname="org.test.jira.IssueAPI.CreateIssue"/>
  <testcase name="GetIssueTest" time="0.091" classname="org.test.jira.IssueAPI.GetIssueDetails"/>
  <testcase name="DeleteIssueTest" time="0.073" classname="org.test.jira.IssueAPI.DeleteIssue"/>
</testsuite> <!-- Test -->
