<?xml version="1.0" encoding="UTF-8"?>
<!-- Generated by org.testng.reporters.JUnitXMLReporter -->
<testsuite hostname="UTISLAPTOP54" ignored="0" name="Test" tests="3" failures="0" timestamp="20 May 2020 05:02:10 GMT" time="5.061" errors="0">
  <testcase name="CreateIssueTest" time="0.385" classname="org.test.jira.IssueAPI.CreateIssue"/>
  <testcase name="GetIssueTest" time="0.186" classname="org.test.jira.IssueAPI.GetIssueDetails"/>
  <testcase name="DeleteIssueTest" time="0.089" classname="org.test.jira.IssueAPI.DeleteIssue"/>
</testsuite> <!-- Test -->
